2018-03-15 20:17:46,468 [INFO] from application in play-dev-mode-akka.actor.default-dispatcher-4 - Creating Pool for datasource 'default'
2018-03-15 20:17:49,149 [INFO] from play.api.db.DefaultDBApi in play-dev-mode-akka.actor.default-dispatcher-4 - Database [default] connected at jdbc:h2:file:./data/productsDB
2018-03-15 20:17:53,760 [WARN] from org.hibernate.validator.messageinterpolation.ParameterMessageInterpolator in play-dev-mode-akka.actor.default-dispatcher-4 - HV000184: ParameterMessageInterpolator has been chosen, EL interpolation will not be supported
2018-03-15 20:17:54,400 [INFO] from play.api.http.EnabledFilters in play-dev-mode-akka.actor.default-dispatcher-4 - Enabled Filters (see <https://www.playframework.com/documentation/latest/Filters>):

    play.filters.csrf.CSRFFilter
    play.filters.headers.SecurityHeadersFilter
    play.filters.hosts.AllowedHostsFilter

2018-03-15 20:17:54,436 [INFO] from play.api.Play in play-dev-mode-akka.actor.default-dispatcher-4 - Application started (Dev)
2018-03-15 20:17:55,946 [WARN] from play.api.mvc.DefaultJWTCookieDataCodec in application-akka.actor.default-dispatcher-3 - decode: cookie has invalid signature! message = JWT signature does not match locally computed signature. JWT validity cannot be asserted and should not be trusted.
2018-03-15 20:17:55,954 [INFO] from play.api.mvc.DefaultJWTCookieDataCodec in application-akka.actor.default-dispatcher-3 - The JWT signature in the cookie does not match the locally computed signature with the server.
This usually indicates the browser has a leftover cookie from another Play application,
so clearing cookies may resolve this error message.
2018-03-15 20:18:02,108 [WARN] from play.api.mvc.DefaultJWTCookieDataCodec in application-akka.actor.default-dispatcher-5 - decode: cookie has invalid signature! message = JWT signature does not match locally computed signature. JWT validity cannot be asserted and should not be trusted.
2018-03-15 20:18:02,113 [INFO] from play.api.mvc.DefaultJWTCookieDataCodec in application-akka.actor.default-dispatcher-5 - The JWT signature in the cookie does not match the locally computed signature with the server.
This usually indicates the browser has a leftover cookie from another Play application,
so clearing cookies may resolve this error message.
2018-03-15 20:18:09,322 [WARN] from play.api.mvc.DefaultJWTCookieDataCodec in application-akka.actor.default-dispatcher-3 - decode: cookie has invalid signature! message = JWT signature does not match locally computed signature. JWT validity cannot be asserted and should not be trusted.
2018-03-15 20:18:09,328 [INFO] from play.api.mvc.DefaultJWTCookieDataCodec in application-akka.actor.default-dispatcher-3 - The JWT signature in the cookie does not match the locally computed signature with the server.
This usually indicates the browser has a leftover cookie from another Play application,
so clearing cookies may resolve this error message.
2018-03-15 20:18:09,413 [WARN] from play.api.mvc.DefaultJWTCookieDataCodec in application-akka.actor.default-dispatcher-2 - decode: cookie has invalid signature! message = JWT signature does not match locally computed signature. JWT validity cannot be asserted and should not be trusted.
2018-03-15 20:18:09,418 [INFO] from play.api.mvc.DefaultJWTCookieDataCodec in application-akka.actor.default-dispatcher-2 - The JWT signature in the cookie does not match the locally computed signature with the server.
This usually indicates the browser has a leftover cookie from another Play application,
so clearing cookies may resolve this error message.
2018-03-15 20:18:11,201 [WARN] from play.api.mvc.DefaultJWTCookieDataCodec in application-akka.actor.default-dispatcher-6 - decode: cookie has invalid signature! message = JWT signature does not match locally computed signature. JWT validity cannot be asserted and should not be trusted.
2018-03-15 20:18:11,203 [INFO] from play.api.mvc.DefaultJWTCookieDataCodec in application-akka.actor.default-dispatcher-6 - The JWT signature in the cookie does not match the locally computed signature with the server.
This usually indicates the browser has a leftover cookie from another Play application,
so clearing cookies may resolve this error message.
2018-03-15 20:18:11,219 [WARN] from play.api.mvc.DefaultJWTCookieDataCodec in application-akka.actor.default-dispatcher-4 - decode: cookie has invalid signature! message = JWT signature does not match locally computed signature. JWT validity cannot be asserted and should not be trusted.
2018-03-15 20:18:11,219 [INFO] from play.api.mvc.DefaultJWTCookieDataCodec in application-akka.actor.default-dispatcher-4 - The JWT signature in the cookie does not match the locally computed signature with the server.
This usually indicates the browser has a leftover cookie from another Play application,
so clearing cookies may resolve this error message.
2018-03-15 20:18:11,314 [WARN] from play.api.mvc.DefaultJWTCookieDataCodec in application-akka.actor.default-dispatcher-5 - decode: cookie has invalid signature! message = JWT signature does not match locally computed signature. JWT validity cannot be asserted and should not be trusted.
2018-03-15 20:18:11,317 [INFO] from play.api.mvc.DefaultJWTCookieDataCodec in application-akka.actor.default-dispatcher-5 - The JWT signature in the cookie does not match the locally computed signature with the server.
This usually indicates the browser has a leftover cookie from another Play application,
so clearing cookies may resolve this error message.
2018-03-15 20:18:11,320 [WARN] from play.api.mvc.DefaultJWTCookieDataCodec in application-akka.actor.default-dispatcher-4 - decode: cookie has invalid signature! message = JWT signature does not match locally computed signature. JWT validity cannot be asserted and should not be trusted.
2018-03-15 20:18:11,330 [INFO] from play.api.mvc.DefaultJWTCookieDataCodec in application-akka.actor.default-dispatcher-4 - The JWT signature in the cookie does not match the locally computed signature with the server.
This usually indicates the browser has a leftover cookie from another Play application,
so clearing cookies may resolve this error message.
2018-03-15 20:18:11,373 [WARN] from play.api.mvc.DefaultJWTCookieDataCodec in application-akka.actor.default-dispatcher-7 - decode: cookie has invalid signature! message = JWT signature does not match locally computed signature. JWT validity cannot be asserted and should not be trusted.
2018-03-15 20:18:11,374 [INFO] from play.api.mvc.DefaultJWTCookieDataCodec in application-akka.actor.default-dispatcher-7 - The JWT signature in the cookie does not match the locally computed signature with the server.
This usually indicates the browser has a leftover cookie from another Play application,
so clearing cookies may resolve this error message.
2018-03-15 20:18:11,384 [WARN] from play.api.mvc.DefaultJWTCookieDataCodec in application-akka.actor.default-dispatcher-7 - decode: cookie has invalid signature! message = JWT signature does not match locally computed signature. JWT validity cannot be asserted and should not be trusted.
2018-03-15 20:18:11,386 [INFO] from play.api.mvc.DefaultJWTCookieDataCodec in application-akka.actor.default-dispatcher-7 - The JWT signature in the cookie does not match the locally computed signature with the server.
This usually indicates the browser has a leftover cookie from another Play application,
so clearing cookies may resolve this error message.
2018-03-15 20:18:12,291 [WARN] from play.api.mvc.DefaultJWTCookieDataCodec in application-akka.actor.default-dispatcher-7 - decode: cookie has invalid signature! message = JWT signature does not match locally computed signature. JWT validity cannot be asserted and should not be trusted.
2018-03-15 20:18:12,293 [INFO] from play.api.mvc.DefaultJWTCookieDataCodec in application-akka.actor.default-dispatcher-7 - The JWT signature in the cookie does not match the locally computed signature with the server.
This usually indicates the browser has a leftover cookie from another Play application,
so clearing cookies may resolve this error message.
2018-03-15 20:18:12,311 [WARN] from play.api.mvc.DefaultJWTCookieDataCodec in application-akka.actor.default-dispatcher-6 - decode: cookie has invalid signature! message = JWT signature does not match locally computed signature. JWT validity cannot be asserted and should not be trusted.
2018-03-15 20:18:12,311 [INFO] from play.api.mvc.DefaultJWTCookieDataCodec in application-akka.actor.default-dispatcher-6 - The JWT signature in the cookie does not match the locally computed signature with the server.
This usually indicates the browser has a leftover cookie from another Play application,
so clearing cookies may resolve this error message.
2018-03-15 20:18:13,903 [WARN] from play.api.mvc.DefaultJWTCookieDataCodec in application-akka.actor.default-dispatcher-6 - decode: cookie has invalid signature! message = JWT signature does not match locally computed signature. JWT validity cannot be asserted and should not be trusted.
2018-03-15 20:18:13,909 [INFO] from play.api.mvc.DefaultJWTCookieDataCodec in application-akka.actor.default-dispatcher-6 - The JWT signature in the cookie does not match the locally computed signature with the server.
This usually indicates the browser has a leftover cookie from another Play application,
so clearing cookies may resolve this error message.
2018-03-15 20:18:14,119 [WARN] from play.api.mvc.DefaultJWTCookieDataCodec in application-akka.actor.default-dispatcher-7 - decode: cookie has invalid signature! message = JWT signature does not match locally computed signature. JWT validity cannot be asserted and should not be trusted.
2018-03-15 20:18:14,155 [WARN] from play.api.mvc.DefaultJWTCookieDataCodec in application-akka.actor.default-dispatcher-8 - decode: cookie has invalid signature! message = JWT signature does not match locally computed signature. JWT validity cannot be asserted and should not be trusted.
2018-03-15 20:18:14,156 [INFO] from play.api.mvc.DefaultJWTCookieDataCodec in application-akka.actor.default-dispatcher-8 - The JWT signature in the cookie does not match the locally computed signature with the server.
This usually indicates the browser has a leftover cookie from another Play application,
so clearing cookies may resolve this error message.
2018-03-15 20:18:14,192 [WARN] from play.api.mvc.DefaultJWTCookieDataCodec in application-akka.actor.default-dispatcher-6 - decode: cookie has invalid signature! message = JWT signature does not match locally computed signature. JWT validity cannot be asserted and should not be trusted.
2018-03-15 20:18:14,194 [INFO] from play.api.mvc.DefaultJWTCookieDataCodec in application-akka.actor.default-dispatcher-6 - The JWT signature in the cookie does not match the locally computed signature with the server.
This usually indicates the browser has a leftover cookie from another Play application,
so clearing cookies may resolve this error message.
2018-03-15 20:18:14,204 [INFO] from play.api.mvc.DefaultJWTCookieDataCodec in application-akka.actor.default-dispatcher-7 - The JWT signature in the cookie does not match the locally computed signature with the server.
This usually indicates the browser has a leftover cookie from another Play application,
so clearing cookies may resolve this error message.
2018-03-15 20:18:33,019 [WARN] from application in application-akka.actor.default-dispatcher-3 - The "validate" method in class "models.users.Login" is deprecated since Play 2.6. To migrate to class-level constraints see https://www.playframework.com/documentation/2.6.x/Migration26#java-form-changes and https://www.playframework.com/documentation/2.6.x/JavaForms#Advanced-validation
2018-03-15 20:20:28,517 [INFO] from play.core.server.AkkaHttpServer in pool-9-thread-2 - Stopping server...
2018-03-15 20:20:30,741 [INFO] from application in application-akka.actor.default-dispatcher-22 - Shutting down connection pool.
